1656119313310	geckodriver	INFO	Listening on 127.0.0.1:49285
1656119316366	mozrunner::runner	INFO	Running command: "C:\\Program Files\\Mozilla Firefox\\firefox.exe" "--marionette" "--remote-debugging-port" "49286" "--remote-allow-hosts" "localhost" "-no-remote" "-profile" "C:\\Users\\Nick\\AppData\\Local\\Temp\\rust_mozprofile3OnIg7"
1656119316648	Marionette	INFO	Marionette enabled
WebDriver BiDi listening on ws://localhost:49286
console.warn: SearchSettings: "get: No settings file exists, new profile?" (new NotFoundError("Could not open the file at C:\\Users\\Nick\\AppData\\Local\\Temp\\rust_mozprofile3OnIg7\\search.json.mozlz4", (void 0)))
1656119318111	Marionette	INFO	Listening on port 49307
Read port: 49307
1656119318156	RemoteAgent	WARN	TLS certificate errors will be ignored for this session
DevTools listening on ws://localhost:49286/devtools/browser/00f75724-09c2-4b35-87d8-536b50a7ab2b
1656119385345	Marionette	INFO	Stopped listening on port 49307
console.warn: TopSitesFeed: Failed to fetch data from Contile server: NetworkError when attempting to fetch resource.

###!!! [Parent][PGPUParent] Error: RunMessage(msgname=PGPU::Msg_ShutdownVR) Channel closing: too late to send/recv, messages will be lost

1656119406063	geckodriver	INFO	Listening on 127.0.0.1:49344
1656119409134	mozrunner::runner	INFO	Running command: "C:\\Program Files\\Mozilla Firefox\\firefox.exe" "--marionette" "--remote-debugging-port" "49345" "--remote-allow-hosts" "localhost" "-no-remote" "-profile" "C:\\Users\\Nick\\AppData\\Local\\Temp\\rust_mozprofileyPrpLJ"
1656119409408	Marionette	INFO	Marionette enabled
WebDriver BiDi listening on ws://localhost:49345
console.warn: SearchSettings: "get: No settings file exists, new profile?" (new NotFoundError("Could not open the file at C:\\Users\\Nick\\AppData\\Local\\Temp\\rust_mozprofileyPrpLJ\\search.json.mozlz4", (void 0)))
1656119410753	Marionette	INFO	Listening on port 49366
DevTools listening on ws://localhost:49345/devtools/browser/218dc7ea-edb0-4070-b2ed-e17097c4e755
Read port: 49366
1656119410809	RemoteAgent	WARN	TLS certificate errors will be ignored for this session
1656119447605	Marionette	INFO	Stopped listening on port 49366
console.warn: TopSitesFeed: Failed to fetch data from Contile server: NetworkError when attempting to fetch resource.

###!!! [Parent][PGPUParent] Error: RunMessage(msgname=PGPU::Msg_ShutdownVR) Channel closing: too late to send/recv, messages will be lost

1656119457625	geckodriver	INFO	Listening on 127.0.0.1:49408
1656119460693	mozrunner::runner	INFO	Running command: "C:\\Program Files\\Mozilla Firefox\\firefox.exe" "--marionette" "--remote-debugging-port" "49409" "--remote-allow-hosts" "localhost" "-no-remote" "-profile" "C:\\Users\\Nick\\AppData\\Local\\Temp\\rust_mozprofilexieNIz"
1656119460969	Marionette	INFO	Marionette enabled
WebDriver BiDi listening on ws://localhost:49409
console.warn: SearchSettings: "get: No settings file exists, new profile?" (new NotFoundError("Could not open the file at C:\\Users\\Nick\\AppData\\Local\\Temp\\rust_mozprofilexieNIz\\search.json.mozlz4", (void 0)))
1656119462485	Marionette	INFO	Listening on port 49431
DevTools listening on ws://localhost:49409/devtools/browser/32cbd356-6d5d-47ee-a979-acb2a07e98e1
Read port: 49431
1656119462587	RemoteAgent	WARN	TLS certificate errors will be ignored for this session
1656119474498	Marionette	INFO	Stopped listening on port 49431
console.warn: TopSitesFeed: Failed to fetch data from Contile server: NetworkError when attempting to fetch resource.

###!!! [Parent][PGPUParent] Error: RunMessage(msgname=PGPU::Msg_ShutdownVR) Channel closing: too late to send/recv, messages will be lost

