[0501/130023.435:ERROR:process_reader_win.cc(123)] NtOpenThread: {Access Denied} A process has requested access to an object, but has not been granted those access rights. (0xc0000022)
[0501/130023.437:ERROR:exception_snapshot_win.cc(98)] thread ID 9092 not found in process
[0501/130023.594:ERROR:process_reader_win.cc(123)] NtOpenThread: {Access Denied} A process has requested access to an object, but has not been granted those access rights. (0xc0000022)
[0501/130023.594:ERROR:exception_snapshot_win.cc(98)] thread ID 5524 not found in process
[0501/130023.764:ERROR:process_reader_win.cc(123)] NtOpenThread: {Access Denied} A process has requested access to an object, but has not been granted those access rights. (0xc0000022)
[0501/130023.764:ERROR:exception_snapshot_win.cc(98)] thread ID 9272 not found in process
[0501/130023.969:ERROR:process_reader_win.cc(123)] NtOpenThread: {Access Denied} A process has requested access to an object, but has not been granted those access rights. (0xc0000022)
[0501/130023.969:ERROR:exception_snapshot_win.cc(98)] thread ID 4564 not found in process
[0501/130102.296:ERROR:process_reader_win.cc(123)] NtOpenThread: {Access Denied} A process has requested access to an object, but has not been granted those access rights. (0xc0000022)
[0501/130102.297:ERROR:exception_snapshot_win.cc(98)] thread ID 10328 not found in process
[0501/130102.335:ERROR:process_reader_win.cc(123)] NtOpenThread: {Access Denied} A process has requested access to an object, but has not been granted those access rights. (0xc0000022)
[0501/130102.335:ERROR:exception_snapshot_win.cc(98)] thread ID 6808 not found in process
[0501/130102.341:ERROR:process_info.cc(329)] VirtualQueryEx: Access is denied. (0x5)
[0501/130102.341:ERROR:process_info.cc(556)] ReadMemoryInfo failed
[0501/130102.341:ERROR:process_memory_win.cc(39)] Failed to initialize ProcessInfo.
[0501/130102.342:ERROR:scoped_process_suspend.cc(40)] NtResumeProcess: An attempt was made to access an exiting process. (0xc000010a)
[0511/113534.458:ERROR:process_reader_win.cc(123)] NtOpenThread: {Access Denied} A process has requested access to an object, but has not been granted those access rights. (0xc0000022)
[0511/113534.459:ERROR:exception_snapshot_win.cc(98)] thread ID 9680 not found in process
[0511/113534.471:ERROR:process_reader_win.cc(123)] NtOpenThread: {Access Denied} A process has requested access to an object, but has not been granted those access rights. (0xc0000022)
[0511/113534.471:ERROR:exception_snapshot_win.cc(98)] thread ID 9420 not found in process
[0511/113713.910:ERROR:process_reader_win.cc(123)] NtOpenThread: {Access Denied} A process has requested access to an object, but has not been granted those access rights. (0xc0000022)
[0511/113713.911:ERROR:exception_snapshot_win.cc(98)] thread ID 11580 not found in process
[0511/113713.975:ERROR:process_reader_win.cc(123)] NtOpenThread: {Access Denied} A process has requested access to an object, but has not been granted those access rights. (0xc0000022)
[0511/113713.975:ERROR:exception_snapshot_win.cc(98)] thread ID 8240 not found in process
[0511/120619.723:ERROR:process_reader_win.cc(123)] NtOpenThread: {Access Denied} A process has requested access to an object, but has not been granted those access rights. (0xc0000022)
[0511/120619.738:ERROR:exception_snapshot_win.cc(98)] thread ID 4384 not found in process
[0511/120619.807:ERROR:process_reader_win.cc(123)] NtOpenThread: {Access Denied} A process has requested access to an object, but has not been granted those access rights. (0xc0000022)
[0511/120619.807:ERROR:exception_snapshot_win.cc(98)] thread ID 9852 not found in process
[0511/160218.500:ERROR:process_reader_win.cc(123)] NtOpenThread: {Access Denied} A process has requested access to an object, but has not been granted those access rights. (0xc0000022)
[0511/160218.500:ERROR:exception_snapshot_win.cc(98)] thread ID 1332 not found in process
[0511/160218.564:ERROR:process_reader_win.cc(123)] NtOpenThread: {Access Denied} A process has requested access to an object, but has not been granted those access rights. (0xc0000022)
[0511/160218.564:ERROR:exception_snapshot_win.cc(98)] thread ID 11892 not found in process
[0511/160228.156:ERROR:process_reader_win.cc(123)] NtOpenThread: {Access Denied} A process has requested access to an object, but has not been granted those access rights. (0xc0000022)
[0511/160228.157:ERROR:exception_snapshot_win.cc(98)] thread ID 1660 not found in process
[0511/160228.185:ERROR:process_reader_win.cc(123)] NtOpenThread: {Access Denied} A process has requested access to an object, but has not been granted those access rights. (0xc0000022)
[0511/160228.185:ERROR:exception_snapshot_win.cc(98)] thread ID 7560 not found in process
[0511/161119.736:ERROR:process_reader_win.cc(151)] SuspendThread: Access is denied. (0x5)
[0511/161119.736:ERROR:process_reader_win.cc(151)] SuspendThread: Access is denied. (0x5)
[0511/161119.736:ERROR:process_reader_win.cc(123)] NtOpenThread: {Access Denied} A process has requested access to an object, but has not been granted those access rights. (0xc0000022)
[0511/161119.736:ERROR:exception_snapshot_win.cc(98)] thread ID 6208 not found in process
[0511/161119.752:ERROR:process_reader_win.cc(151)] SuspendThread: Access is denied. (0x5)
[0511/161119.752:ERROR:process_reader_win.cc(151)] SuspendThread: Access is denied. (0x5)
[0511/161119.752:ERROR:process_reader_win.cc(151)] SuspendThread: Access is denied. (0x5)
[0511/161119.753:ERROR:process_reader_win.cc(151)] SuspendThread: Access is denied. (0x5)
[0511/161119.753:ERROR:process_reader_win.cc(123)] NtOpenThread: {Access Denied} A process has requested access to an object, but has not been granted those access rights. (0xc0000022)
[0511/161119.753:ERROR:exception_snapshot_win.cc(98)] thread ID 3552 not found in process
[0511/161119.772:ERROR:process_reader_win.cc(123)] NtOpenThread: {Access Denied} A process has requested access to an object, but has not been granted those access rights. (0xc0000022)
[0511/161119.773:ERROR:exception_snapshot_win.cc(98)] thread ID 10620 not found in process
[0511/161119.787:ERROR:process_reader_win.cc(123)] NtOpenThread: {Access Denied} A process has requested access to an object, but has not been granted those access rights. (0xc0000022)
[0511/161119.787:ERROR:exception_snapshot_win.cc(98)] thread ID 8336 not found in process
[0511/161943.111:ERROR:process_reader_win.cc(123)] NtOpenThread: {Access Denied} A process has requested access to an object, but has not been granted those access rights. (0xc0000022)
[0511/161943.111:ERROR:exception_snapshot_win.cc(98)] thread ID 11788 not found in process
[0511/161943.150:ERROR:process_reader_win.cc(123)] NtOpenThread: {Access Denied} A process has requested access to an object, but has not been granted those access rights. (0xc0000022)
[0511/161943.150:ERROR:exception_snapshot_win.cc(98)] thread ID 10864 not found in process
aSDAsd[0122/131503.491:ERROR:process_reader_win.cc(123)] NtOpenThread: {Access Denied} A process has requested access to an object, but has not been granted those access rights. (0xc0000022)
[0122/131503.493:ERROR:exception_snapshot_win.cc(99)] thread ID 23764 not found in process
[0122/131503.606:ERROR:process_reader_win.cc(123)] NtOpenThread: {Access Denied} A process has requested access to an object, but has not been granted those access rights. (0xc0000022)
[0122/131503.606:ERROR:exception_snapshot_win.cc(99)] thread ID 23776 not found in process
[0122/131503.677:ERROR:process_reader_win.cc(123)] NtOpenThread: {Access Denied} A process has requested access to an object, but has not been granted those access rights. (0xc0000022)
[0122/131503.677:ERROR:exception_snapshot_win.cc(99)] thread ID 23828 not found in process
[0122/131503.782:ERROR:process_reader_win.cc(123)] NtOpenThread: {Access Denied} A process has requested access to an object, but has not been granted those access rights. (0xc0000022)
[0122/131503.783:ERROR:exception_snapshot_win.cc(99)] thread ID 23840 not found in process
[0122/131503.842:ERROR:process_reader_win.cc(123)] NtOpenThread: {Access Denied} A process has requested access to an object, but has not been granted those access rights. (0xc0000022)
[0122/131503.843:ERROR:exception_snapshot_win.cc(99)] thread ID 23856 not found in process
[0122/131503.963:ERROR:process_reader_win.cc(123)] NtOpenThread: {Access Denied} A process has requested access to an object, but has not been granted those access rights. (0xc0000022)
[0122/131503.963:ERROR:exception_snapshot_win.cc(99)] thread ID 23876 not found in process
[0122/131504.009:ERROR:process_reader_win.cc(123)] NtOpenThread: {Access Denied} A process has requested access to an object, but has not been granted those access rights. (0xc0000022)
[0122/131504.010:ERROR:exception_snapshot_win.cc(99)] thread ID 23916 not found in process
[0122/131504.138:ERROR:process_reader_win.cc(123)] NtOpenThread: {Access Denied} A process has requested access to an object, but has not been granted those access rights. (0xc0000022)
[0122/131504.138:ERROR:exception_snapshot_win.cc(99)] thread ID 23932 not found in process
[0122/131504.182:ERROR:process_reader_win.cc(123)] NtOpenThread: {Access Denied} A process has requested access to an object, but has not been granted those access rights. (0xc0000022)
[0122/131504.183:ERROR:exception_snapshot_win.cc(99)] thread ID 23984 not found in process
[0122/131504.300:ERROR:process_reader_win.cc(123)] NtOpenThread: {Access Denied} A process has requested access to an object, but has not been granted those access rights. (0xc0000022)
[0122/131504.300:ERROR:exception_snapshot_win.cc(99)] thread ID 23996 not found in process
[0122/131504.344:ERROR:process_reader_win.cc(123)] NtOpenThread: {Access Denied} A process has requested access to an object, but has not been granted those access rights. (0xc0000022)
[0122/131504.345:ERROR:exception_snapshot_win.cc(99)] thread ID 24008 not found in process
[0122/131504.460:ERROR:process_reader_win.cc(123)] NtOpenThread: {Access Denied} A process has requested access to an object, but has not been granted those access rights. (0xc0000022)
[0122/131504.460:ERROR:exception_snapshot_win.cc(99)] thread ID 24020 not found in process
[0122/131504.506:ERROR:process_reader_win.cc(123)] NtOpenThread: {Access Denied} A process has requested access to an object, but has not been granted those access rights. (0xc0000022)
[0122/131504.506:ERROR:exception_snapshot_win.cc(99)] thread ID 24032 not found in process
[0122/131504.614:ERROR:process_reader_win.cc(123)] NtOpenThread: {Access Denied} A process has requested access to an object, but has not been granted those access rights. (0xc0000022)
[0122/131504.614:ERROR:exception_snapshot_win.cc(99)] thread ID 24056 not found in process
